<?xml version="1.0" encoding="UTF-8"?>
<!-- Generated by org.testng.reporters.JUnitXMLReporter -->
<testsuite ignored="0" hostname="DESKTOP-89C6F2A" failures="0" tests="4" name="Test" time="2.823" errors="0" timestamp="2024-01-02T17:10:19 EST">
  <testcase classname="studentsAPIchaining.CreatePost" name="createpost" time="2.482"/>
  <testcase classname="studentsAPIchaining.GetPost" name="getpost" time="0.135"/>
  <testcase classname="studentsAPIchaining.UpdatePost" name="updatepost" time="0.09"/>
  <testcase classname="studentsAPIchaining.DeletePost" name="deletepost" time="0.057"/>
</testsuite> <!-- Test -->
