<?xml version="1.0" encoding="UTF-8"?>
<testng-results ignored="0" total="4" passed="4" failed="0" skipped="0">
  <reporter-output>
  </reporter-output>
  <suite started-at="2024-01-02T17:10:16 EST" name="Suite" finished-at="2024-01-02T17:10:19 EST" duration-ms="2823">
    <groups>
    </groups>
    <test started-at="2024-01-02T17:10:16 EST" name="Test" finished-at="2024-01-02T17:10:19 EST" duration-ms="2823">
      <class name="studentsAPIchaining.DeletePost">
        <test-method signature="deletepost(org.testng.ITestContext)[pri:0, instance:studentsAPIchaining.DeletePost@7fee8714]" started-at="2024-01-02T17:10:19 EST" name="deletepost" finished-at="2024-01-02T17:10:19 EST" duration-ms="57" status="PASS">
          <params>
            <param index="0">
              <value>
                <![CDATA[org.testng.TestRunner@231f98ef]]>
              </value>
            </param>
          </params>
          <reporter-output>
          </reporter-output>
        </test-method> <!-- deletepost -->
      </class> <!-- studentsAPIchaining.DeletePost -->
      <class name="studentsAPIchaining.UpdatePost">
        <test-method signature="updatepost(org.testng.ITestContext)[pri:0, instance:studentsAPIchaining.UpdatePost@6da21078]" started-at="2024-01-02T17:10:19 EST" name="updatepost" finished-at="2024-01-02T17:10:19 EST" duration-ms="90" status="PASS">
          <params>
            <param index="0">
              <value>
                <![CDATA[org.testng.TestRunner@231f98ef]]>
              </value>
            </param>
          </params>
          <reporter-output>
          </reporter-output>
        </test-method> <!-- updatepost -->
      </class> <!-- studentsAPIchaining.UpdatePost -->
      <class name="studentsAPIchaining.CreatePost">
        <test-method signature="createpost(org.testng.ITestContext)[pri:0, instance:studentsAPIchaining.CreatePost@28f3b248]" started-at="2024-01-02T17:10:16 EST" name="createpost" finished-at="2024-01-02T17:10:19 EST" duration-ms="2482" status="PASS">
          <params>
            <param index="0">
              <value>
                <![CDATA[org.testng.TestRunner@231f98ef]]>
              </value>
            </param>
          </params>
          <reporter-output>
          </reporter-output>
        </test-method> <!-- createpost -->
      </class> <!-- studentsAPIchaining.CreatePost -->
      <class name="studentsAPIchaining.GetPost">
        <test-method signature="getpost(org.testng.ITestContext)[pri:0, instance:studentsAPIchaining.GetPost@f736069]" started-at="2024-01-02T17:10:19 EST" name="getpost" finished-at="2024-01-02T17:10:19 EST" duration-ms="135" status="PASS">
          <params>
            <param index="0">
              <value>
                <![CDATA[org.testng.TestRunner@231f98ef]]>
              </value>
            </param>
          </params>
          <reporter-output>
          </reporter-output>
        </test-method> <!-- getpost -->
      </class> <!-- studentsAPIchaining.GetPost -->
    </test> <!-- Test -->
  </suite> <!-- Suite -->
</testng-results>
